***************************************
*** ###easy### TPC-C Load Generator ***
***************************************
option h with value '127.0.0.1'
option S (socket) with value '/tmp/mysql.sock'
option d with value 'tpcc768'
option u with value 'root'
option p with value '1234'
option w with value '10'
option c with value '8'
option r with value '10'
option l with value '1200'
<Parameters>
     [server]: 127.0.0.1
     [port]: 3306
     [DBname]: tpcc768
       [user]: root
       [pass]: 1234
  [warehouse]: 10
 [connection]: 8
     [rampup]: 10 (sec.)
    [measure]: 1200 (sec.)

RAMP-UP TIME.(10 sec.)

MEASURING START.

  10, trx: 144, 95%: 508.741, 99%: 819.331, max_rt: 1050.237, 141|679.199, 14|126.148, 16|535.937, 14|3323.121
  20, trx: 154, 95%: 670.638, 99%: 984.056, max_rt: 1109.903, 157|245.792, 15|140.991, 15|1324.276, 15|3596.709
  30, trx: 250, 95%: 565.949, 99%: 926.594, max_rt: 1170.785, 245|265.438, 25|65.051, 25|568.357, 26|1960.084
  40, trx: 198, 95%: 525.457, 99%: 675.676, max_rt: 1171.183, 204|519.014, 20|121.997, 21|878.951, 20|1822.653
  50, trx: 344, 95%: 349.732, 99%: 494.330, max_rt: 555.635, 343|457.162, 35|92.815, 33|782.025, 34|1198.174
  60, trx: 691, 95%: 200.897, 99%: 313.816, max_rt: 474.231, 689|194.912, 69|96.350, 69|543.731, 70|804.751
  70, trx: 676, 95%: 171.117, 99%: 241.287, max_rt: 396.325, 675|166.115, 67|70.463, 67|419.095, 68|338.312
  80, trx: 685, 95%: 168.777, 99%: 229.797, max_rt: 341.086, 685|215.565, 69|89.440, 70|387.962, 68|354.711
  90, trx: 344, 95%: 330.693, 99%: 467.699, max_rt: 541.845, 349|451.404, 35|149.362, 34|718.681, 34|993.908
 100, trx: 357, 95%: 360.359, 99%: 763.675, max_rt: 899.784, 352|204.561, 35|78.427, 35|1032.612, 36|1056.402
 110, trx: 523, 95%: 213.355, 99%: 346.813, max_rt: 1273.601, 522|251.078, 52|134.358, 52|1127.655, 53|686.652
 120, trx: 445, 95%: 268.822, 99%: 443.697, max_rt: 703.829, 447|420.666, 45|168.200, 45|1079.221, 43|759.824
 130, trx: 497, 95%: 252.368, 99%: 342.788, max_rt: 464.105, 500|393.439, 50|97.673, 50|580.779, 51|672.448
 140, trx: 413, 95%: 284.298, 99%: 444.362, max_rt: 519.216, 407|385.785, 41|82.780, 41|530.348, 40|605.864
 150, trx: 544, 95%: 190.929, 99%: 266.977, max_rt: 337.573, 546|239.402, 54|46.878, 54|442.140, 55|517.136
 160, trx: 705, 95%: 157.548, 99%: 236.213, max_rt: 322.065, 703|160.874, 71|46.045, 71|560.146, 70|498.753
 170, trx: 714, 95%: 145.707, 99%: 249.364, max_rt: 450.997, 717|186.665, 71|57.742, 71|475.453, 72|591.084
 180, trx: 615, 95%: 200.957, 99%: 309.247, max_rt: 490.975, 614|178.399, 62|75.018, 61|391.988, 62|405.906
 190, trx: 618, 95%: 176.475, 99%: 275.337, max_rt: 643.547, 617|321.249, 61|99.131, 62|755.446, 62|512.692
 200, trx: 765, 95%: 143.672, 99%: 209.683, max_rt: 293.414, 764|227.175, 77|48.226, 77|373.207, 76|459.679
 210, trx: 885, 95%: 134.717, 99%: 207.995, max_rt: 313.184, 889|202.117, 89|68.578, 89|281.022, 88|433.562
 220, trx: 888, 95%: 120.196, 99%: 178.280, max_rt: 263.754, 886|131.351, 88|59.699, 88|296.067, 89|477.444
 230, trx: 814, 95%: 126.547, 99%: 188.149, max_rt: 293.490, 814|253.807, 82|60.990, 83|376.299, 82|453.648
 240, trx: 774, 95%: 148.837, 99%: 203.013, max_rt: 440.566, 773|140.994, 77|60.758, 76|354.451, 76|432.743
 250, trx: 693, 95%: 170.452, 99%: 217.808, max_rt: 335.927, 691|154.120, 69|75.248, 69|327.184, 70|454.816
 260, trx: 581, 95%: 202.043, 99%: 238.844, max_rt: 301.082, 583|195.969, 59|47.158, 58|383.067, 58|566.277
 270, trx: 468, 95%: 239.990, 99%: 289.191, max_rt: 437.083, 465|188.312, 47|85.001, 47|412.171, 47|551.553
 280, trx: 763, 95%: 150.360, 99%: 239.345, max_rt: 327.081, 767|145.479, 76|69.314, 77|347.863, 76|456.532
 290, trx: 867, 95%: 136.462, 99%: 182.491, max_rt: 297.328, 868|168.601, 86|47.802, 87|307.318, 88|423.767
 300, trx: 834, 95%: 140.777, 99%: 201.198, max_rt: 269.935, 833|165.002, 84|43.846, 83|274.667, 83|316.507
 310, trx: 781, 95%: 150.000, 99%: 219.970, max_rt: 378.888, 780|104.966, 77|49.636, 79|374.849, 78|401.282
 320, trx: 733, 95%: 152.262, 99%: 247.061, max_rt: 335.671, 732|151.985, 74|77.343, 73|414.272, 73|396.800
 330, trx: 663, 95%: 190.188, 99%: 277.987, max_rt: 325.338, 668|190.035, 67|38.090, 66|425.592, 67|450.366
 340, trx: 571, 95%: 220.299, 99%: 284.298, max_rt: 361.642, 564|239.713, 56|67.378, 57|449.272, 56|620.308
 350, trx: 584, 95%: 188.657, 99%: 263.169, max_rt: 324.559, 587|215.997, 59|47.047, 58|448.428, 58|601.924
 360, trx: 606, 95%: 185.576, 99%: 286.263, max_rt: 442.733, 604|143.651, 61|56.687, 60|419.531, 63|666.663
 370, trx: 809, 95%: 143.973, 99%: 257.095, max_rt: 478.093, 807|194.834, 80|88.892, 81|599.808, 80|403.275
 380, trx: 853, 95%: 132.874, 99%: 196.026, max_rt: 248.719, 856|119.741, 85|37.948, 85|315.952, 85|359.861
 390, trx: 806, 95%: 145.838, 99%: 198.982, max_rt: 470.910, 811|275.621, 81|66.874, 81|316.684, 80|405.921
 400, trx: 662, 95%: 161.221, 99%: 215.473, max_rt: 311.280, 659|199.793, 67|193.181, 68|649.205, 66|432.447
 410, trx: 618, 95%: 196.378, 99%: 285.407, max_rt: 328.067, 616|184.190, 62|55.471, 61|367.775, 63|464.968
 420, trx: 674, 95%: 171.887, 99%: 237.916, max_rt: 406.929, 673|186.049, 67|60.221, 67|379.637, 66|572.051
 430, trx: 810, 95%: 138.437, 99%: 216.378, max_rt: 314.902, 811|238.121, 81|54.519, 81|298.882, 81|539.577
 440, trx: 839, 95%: 137.405, 99%: 211.765, max_rt: 272.581, 838|153.209, 84|37.178, 83|266.286, 85|397.310
 450, trx: 833, 95%: 140.524, 99%: 204.232, max_rt: 312.722, 832|190.672, 83|48.298, 84|410.129, 83|507.195
 460, trx: 809, 95%: 141.834, 99%: 212.845, max_rt: 351.229, 812|206.420, 81|74.272, 81|364.657, 81|435.303
 470, trx: 681, 95%: 178.333, 99%: 271.490, max_rt: 474.192, 681|215.862, 68|63.786, 69|421.567, 68|466.541
 480, trx: 658, 95%: 178.227, 99%: 243.536, max_rt: 273.942, 659|130.306, 66|28.872, 64|316.077, 67|570.968
 490, trx: 651, 95%: 189.053, 99%: 252.292, max_rt: 465.900, 649|225.717, 65|47.590, 67|366.360, 63|455.432
 500, trx: 807, 95%: 147.242, 99%: 206.321, max_rt: 224.408, 805|177.323, 80|32.517, 79|285.192, 81|588.742
 510, trx: 873, 95%: 138.395, 99%: 207.746, max_rt: 264.478, 877|152.095, 88|30.414, 88|317.018, 88|459.175
 520, trx: 851, 95%: 137.199, 99%: 214.315, max_rt: 269.074, 850|242.778, 84|48.079, 85|294.387, 84|286.926
 530, trx: 808, 95%: 150.811, 99%: 235.225, max_rt: 310.412, 810|242.197, 82|55.180, 81|333.801, 82|508.295
 540, trx: 688, 95%: 161.463, 99%: 222.620, max_rt: 283.244, 686|148.186, 69|62.314, 68|465.226, 70|478.456
 550, trx: 670, 95%: 173.801, 99%: 241.359, max_rt: 427.528, 671|156.585, 67|46.161, 67|347.317, 66|504.916
 560, trx: 525, 95%: 223.087, 99%: 283.703, max_rt: 356.230, 525|212.655, 52|89.448, 54|462.350, 52|551.619
 570, trx: 548, 95%: 203.073, 99%: 271.084, max_rt: 385.713, 547|205.764, 55|33.121, 54|477.990, 55|615.908
 580, trx: 677, 95%: 164.438, 99%: 220.234, max_rt: 347.358, 675|118.402, 67|54.664, 68|375.669, 67|489.756
 590, trx: 828, 95%: 144.059, 99%: 190.987, max_rt: 350.482, 829|142.594, 84|42.061, 83|367.755, 83|409.039
 600, trx: 824, 95%: 147.949, 99%: 223.822, max_rt: 324.281, 826|169.894, 81|55.640, 82|337.806, 83|409.095
 610, trx: 706, 95%: 193.635, 99%: 267.137, max_rt: 364.747, 704|200.908, 71|62.991, 70|351.897, 70|449.861
 620, trx: 610, 95%: 192.248, 99%: 275.172, max_rt: 333.675, 614|230.776, 62|43.998, 62|423.964, 62|401.547
 630, trx: 511, 95%: 209.934, 99%: 258.252, max_rt: 544.839, 506|220.038, 50|96.648, 51|446.164, 51|672.610
 640, trx: 442, 95%: 277.987, 99%: 361.548, max_rt: 406.888, 446|346.553, 44|102.169, 45|524.872, 44|951.831
 650, trx: 616, 95%: 188.883, 99%: 284.724, max_rt: 459.145, 616|207.063, 62|49.981, 60|471.626, 61|614.228
 660, trx: 669, 95%: 173.645, 99%: 256.480, max_rt: 503.625, 666|141.322, 67|69.568, 67|334.067, 67|610.155
 670, trx: 653, 95%: 170.912, 99%: 240.710, max_rt: 408.859, 657|193.135, 66|50.983, 66|355.282, 65|516.799
 680, trx: 738, 95%: 164.931, 99%: 236.638, max_rt: 300.004, 738|156.886, 73|55.079, 73|316.106, 74|669.577
 690, trx: 718, 95%: 169.739, 99%: 267.217, max_rt: 388.091, 712|309.567, 71|58.199, 72|344.890, 71|451.834
 700, trx: 689, 95%: 166.220, 99%: 274.268, max_rt: 355.389, 694|154.952, 70|55.503, 69|382.907, 71|557.036
 710, trx: 595, 95%: 204.415, 99%: 273.202, max_rt: 453.649, 594|279.385, 59|58.284, 60|401.258, 58|474.903
 720, trx: 658, 95%: 166.918, 99%: 224.897, max_rt: 332.819, 658|153.149, 67|78.769, 66|436.888, 66|581.592
 730, trx: 814, 95%: 142.260, 99%: 193.461, max_rt: 304.863, 812|205.920, 80|93.249, 81|320.680, 80|580.892
 740, trx: 786, 95%: 149.866, 99%: 213.675, max_rt: 273.071, 787|199.445, 80|46.574, 78|294.997, 79|519.211
 750, trx: 791, 95%: 144.448, 99%: 196.496, max_rt: 295.200, 791|276.701, 78|82.178, 80|361.099, 81|458.706
 760, trx: 736, 95%: 150.090, 99%: 222.486, max_rt: 382.662, 735|224.623, 74|44.478, 73|367.668, 74|434.052
 770, trx: 737, 95%: 171.887, 99%: 252.519, max_rt: 410.619, 732|184.802, 73|69.596, 73|407.821, 72|549.264
 780, trx: 638, 95%: 196.613, 99%: 294.256, max_rt: 414.350, 645|195.982, 64|44.569, 64|342.614, 65|528.226
 790, trx: 595, 95%: 187.643, 99%: 257.557, max_rt: 321.398, 593|299.576, 60|81.297, 61|371.599, 59|443.811
 800, trx: 637, 95%: 187.699, 99%: 276.742, max_rt: 540.894, 636|173.676, 63|45.740, 62|443.516, 63|487.285
 810, trx: 723, 95%: 160.643, 99%: 218.330, max_rt: 263.132, 724|189.521, 73|58.259, 72|422.316, 74|628.766
 820, trx: 773, 95%: 163.310, 99%: 219.970, max_rt: 352.182, 774|170.324, 77|44.413, 78|298.510, 76|460.909
 830, trx: 730, 95%: 160.307, 99%: 222.620, max_rt: 380.029, 728|134.546, 73|39.219, 73|296.505, 72|493.790
 840, trx: 745, 95%: 155.719, 99%: 236.001, max_rt: 344.273, 745|211.069, 75|50.581, 75|309.612, 76|463.856
 850, trx: 772, 95%: 156.936, 99%: 248.098, max_rt: 358.186, 770|210.712, 77|56.161, 78|308.373, 77|410.787
 860, trx: 665, 95%: 178.173, 99%: 251.689, max_rt: 346.896, 666|230.315, 66|51.513, 66|543.182, 67|524.315
 870, trx: 676, 95%: 181.457, 99%: 244.925, max_rt: 579.033, 676|251.541, 69|60.782, 68|371.008, 68|509.878
 880, trx: 734, 95%: 164.734, 99%: 245.366, max_rt: 432.343, 735|158.636, 73|59.700, 72|435.866, 72|498.831
 890, trx: 845, 95%: 141.326, 99%: 198.209, max_rt: 295.675, 843|174.441, 83|44.657, 85|332.637, 84|474.992
 900, trx: 821, 95%: 131.963, 99%: 214.894, max_rt: 290.804, 825|240.821, 84|46.596, 83|429.186, 83|388.930
 910, trx: 681, 95%: 179.565, 99%: 261.676, max_rt: 442.876, 679|157.274, 68|53.046, 67|405.857, 68|520.030
 920, trx: 800, 95%: 144.881, 99%: 202.466, max_rt: 295.764, 798|186.183, 79|48.687, 80|298.712, 80|426.451
 930, trx: 936, 95%: 126.623, 99%: 177.960, max_rt: 254.371, 939|220.104, 94|42.025, 94|343.324, 93|407.687
 940, trx: 804, 95%: 152.627, 99%: 224.628, max_rt: 316.649, 802|160.716, 80|73.315, 80|329.394, 81|600.690
 950, trx: 691, 95%: 166.668, 99%: 233.402, max_rt: 279.903, 690|234.149, 69|78.704, 69|433.257, 70|410.737
 960, trx: 874, 95%: 135.769, 99%: 216.637, max_rt: 335.488, 873|137.779, 88|102.057, 88|386.439, 86|353.419
 970, trx: 893, 95%: 125.003, 99%: 173.385, max_rt: 251.851, 897|222.351, 89|41.282, 89|331.463, 90|324.482
 980, trx: 793, 95%: 148.926, 99%: 221.225, max_rt: 284.585, 786|186.462, 79|63.865, 80|245.668, 79|394.947
 990, trx: 800, 95%: 162.870, 99%: 217.417, max_rt: 261.645, 805|154.991, 81|69.327, 79|416.562, 79|434.848
1000, trx: 688, 95%: 180.644, 99%: 252.595, max_rt: 562.205, 687|272.230, 68|75.370, 70|472.145, 70|548.964
1010, trx: 805, 95%: 153.774, 99%: 206.383, max_rt: 307.036, 807|117.882, 80|54.010, 80|316.619, 79|417.630
1020, trx: 852, 95%: 143.157, 99%: 206.074, max_rt: 356.380, 849|174.862, 85|46.214, 84|452.743, 87|431.568
1030, trx: 772, 95%: 151.852, 99%: 231.592, max_rt: 391.253, 775|185.937, 78|51.593, 78|409.824, 77|511.101
1040, trx: 612, 95%: 190.188, 99%: 288.586, max_rt: 379.357, 615|176.293, 61|55.359, 61|356.746, 61|767.588
1050, trx: 883, 95%: 141.410, 99%: 196.026, max_rt: 267.812, 879|134.980, 88|38.001, 89|454.746, 88|349.007
1060, trx: 991, 95%: 131.018, 99%: 183.917, max_rt: 295.084, 990|175.058, 99|37.140, 99|286.670, 99|310.106
1070, trx: 918, 95%: 132.160, 99%: 188.657, max_rt: 263.398, 921|132.426, 93|69.406, 92|293.640, 91|446.168
1080, trx: 892, 95%: 129.265, 99%: 186.523, max_rt: 253.571, 889|200.394, 89|46.359, 89|342.734, 90|487.952
1090, trx: 774, 95%: 156.936, 99%: 209.809, max_rt: 274.946, 778|157.131, 77|68.212, 78|332.021, 77|416.263
1100, trx: 756, 95%: 141.792, 99%: 176.422, max_rt: 231.410, 755|122.916, 75|49.896, 75|444.436, 76|572.630
1110, trx: 754, 95%: 167.970, 99%: 247.431, max_rt: 374.797, 754|182.466, 76|44.223, 75|504.020, 76|389.653
1120, trx: 723, 95%: 165.971, 99%: 260.270, max_rt: 383.174, 720|191.582, 72|56.032, 72|371.472, 71|469.905
1130, trx: 788, 95%: 161.995, 99%: 240.206, max_rt: 370.314, 792|175.900, 79|36.337, 79|383.298, 81|447.662
1140, trx: 778, 95%: 152.993, 99%: 228.152, max_rt: 299.350, 771|144.782, 77|47.502, 79|383.561, 76|464.066
1150, trx: 805, 95%: 141.030, 99%: 202.952, max_rt: 257.781, 809|158.007, 81|70.901, 80|445.912, 81|368.113
1160, trx: 845, 95%: 135.485, 99%: 220.629, max_rt: 307.987, 846|130.831, 85|95.037, 84|290.655, 85|471.420
1170, trx: 812, 95%: 129.925, 99%: 181.185, max_rt: 300.571, 815|162.525, 81|136.033, 82|320.739, 81|385.358
1180, trx: 852, 95%: 137.734, 99%: 204.232, max_rt: 296.582, 846|191.012, 86|79.216, 84|324.432, 87|345.403
1190, trx: 813, 95%: 149.418, 99%: 190.359, max_rt: 263.651, 816|171.080, 81|85.091, 81|332.155, 80|306.341
1200, trx: 857, 95%: 147.066, 99%: 210.123, max_rt: 320.571, 854|132.711, 85|39.567, 86|333.097, 86|372.489

STOPPING THREADS........

<Raw Results>
  [0] sc:342 lt:83712  rt:0  fl:0 avg_rt: 64.8 (5)
  [1] sc:25577 lt:58468  rt:0  fl:0 avg_rt: 17.1 (5)
  [2] sc:2792 lt:5613  rt:0  fl:0 avg_rt: 11.2 (5)
  [3] sc:2300 lt:6106  rt:0  fl:0 avg_rt: 140.0 (80)
  [4] sc:0 lt:8407  rt:0  fl:0 avg_rt: 180.5 (20)
 in 1200 sec.

<Raw Results2(sum ver.)>
  [0] sc:342  lt:83712  rt:0  fl:0 
  [1] sc:25577  lt:58472  rt:0  fl:0 
  [2] sc:2792  lt:5613  rt:0  fl:0 
  [3] sc:2300  lt:6106  rt:0  fl:0 
  [4] sc:0  lt:8407  rt:0  fl:0 

<Constraint Check> (all must be [OK])
 [transaction percentage]
        Payment: 43.48% (>=43.0%) [OK]
   Order-Status: 4.35% (>= 4.0%) [OK]
       Delivery: 4.35% (>= 4.0%) [OK]
    Stock-Level: 4.35% (>= 4.0%) [OK]
 [response time (at least 90% passed)]
      New-Order: 0.41%  [NG] *
        Payment: 30.43%  [NG] *
   Order-Status: 33.22%  [NG] *
       Delivery: 27.36%  [NG] *
    Stock-Level: 0.00%  [NG] *

<TpmC>
                 4202.700 TpmC
