***************************************
*** ###easy### TPC-C Load Generator ***
***************************************
option h with value '127.0.0.1'
option S (socket) with value '/tmp/mysql.sock'
option d with value 'tpcc512'
option u with value 'root'
option p with value '1234'
option w with value '10'
option c with value '8'
option r with value '10'
option l with value '1200'
<Parameters>
     [server]: 127.0.0.1
     [port]: 3306
     [DBname]: tpcc512
       [user]: root
       [pass]: 1234
  [warehouse]: 10
 [connection]: 8
     [rampup]: 10 (sec.)
    [measure]: 1200 (sec.)

RAMP-UP TIME.(10 sec.)

MEASURING START.

  10, trx: 337, 95%: 299.768, 99%: 387.548, max_rt: 516.992, 344|263.399, 33|88.451, 34|492.829, 35|1811.162
  20, trx: 522, 95%: 176.792, 99%: 243.027, max_rt: 326.516, 515|227.843, 52|81.827, 52|325.324, 52|806.500
  30, trx: 553, 95%: 189.053, 99%: 261.363, max_rt: 443.293, 557|150.942, 56|111.243, 55|445.877, 57|634.357
  40, trx: 605, 95%: 178.707, 99%: 245.733, max_rt: 455.519, 609|130.151, 61|84.165, 61|433.761, 60|914.636
  50, trx: 571, 95%: 196.378, 99%: 311.756, max_rt: 400.848, 564|222.190, 56|221.479, 56|658.120, 56|715.229
  60, trx: 566, 95%: 209.495, 99%: 322.289, max_rt: 688.135, 574|248.741, 58|93.799, 58|536.813, 58|496.749
  70, trx: 690, 95%: 160.163, 99%: 198.625, max_rt: 350.352, 686|167.113, 68|88.841, 68|423.755, 69|272.612
  80, trx: 701, 95%: 149.821, 99%: 200.897, max_rt: 280.158, 700|169.889, 70|66.333, 69|275.538, 68|365.721
  90, trx: 292, 95%: 385.812, 99%: 521.383, max_rt: 712.890, 293|616.043, 30|134.524, 31|732.958, 31|1154.771
 100, trx: 474, 95%: 260.738, 99%: 488.885, max_rt: 906.620, 470|397.718, 47|168.509, 46|539.981, 47|605.877
 110, trx: 632, 95%: 179.404, 99%: 227.674, max_rt: 286.658, 636|143.379, 64|57.111, 64|397.457, 62|474.489
 120, trx: 741, 95%: 151.172, 99%: 197.557, max_rt: 284.893, 740|180.969, 74|47.032, 75|299.255, 75|320.194
 130, trx: 679, 95%: 167.769, 99%: 230.900, max_rt: 311.999, 681|167.817, 67|51.878, 67|362.856, 69|446.922
 140, trx: 733, 95%: 151.444, 99%: 217.222, max_rt: 389.333, 731|164.379, 73|93.109, 74|259.355, 72|440.484
 150, trx: 556, 95%: 209.997, 99%: 345.880, max_rt: 526.866, 555|253.343, 56|77.551, 55|679.870, 55|699.684
 160, trx: 529, 95%: 249.738, 99%: 332.978, max_rt: 409.361, 531|216.219, 53|88.754, 52|467.962, 54|668.121
 170, trx: 576, 95%: 218.919, 99%: 326.171, max_rt: 557.234, 578|216.820, 58|117.774, 60|592.262, 58|1111.277
 180, trx: 635, 95%: 178.868, 99%: 240.998, max_rt: 391.020, 634|147.916, 63|93.330, 62|307.752, 63|503.524
 190, trx: 665, 95%: 179.780, 99%: 273.530, max_rt: 417.275, 661|198.892, 67|48.394, 67|491.982, 67|589.572
 200, trx: 590, 95%: 178.975, 99%: 223.688, max_rt: 346.189, 590|324.105, 59|65.740, 58|351.692, 59|411.278
 210, trx: 722, 95%: 150.946, 99%: 201.982, max_rt: 339.114, 724|134.085, 72|100.374, 73|305.997, 72|372.726
 220, trx: 760, 95%: 144.448, 99%: 223.755, max_rt: 316.312, 758|251.514, 75|45.190, 76|218.390, 76|392.381
 230, trx: 727, 95%: 153.406, 99%: 226.654, max_rt: 416.418, 728|213.929, 74|56.321, 73|418.212, 73|393.923
 240, trx: 745, 95%: 148.259, 99%: 203.256, max_rt: 336.567, 746|194.688, 74|73.032, 73|426.360, 74|312.561
 250, trx: 751, 95%: 152.947, 99%: 212.972, max_rt: 271.013, 747|161.482, 75|88.707, 76|319.005, 75|523.017
 260, trx: 687, 95%: 155.626, 99%: 227.742, max_rt: 357.897, 692|150.316, 69|71.303, 69|352.915, 69|430.608
 270, trx: 764, 95%: 148.037, 99%: 214.829, max_rt: 347.852, 763|235.486, 76|67.605, 77|375.781, 76|344.886
 280, trx: 733, 95%: 141.199, 99%: 191.846, max_rt: 266.039, 737|145.947, 74|126.600, 73|309.958, 73|334.588
 290, trx: 733, 95%: 151.444, 99%: 215.861, max_rt: 303.390, 729|157.045, 72|64.297, 73|229.482, 73|468.522
 300, trx: 656, 95%: 158.020, 99%: 227.742, max_rt: 302.506, 656|208.105, 66|52.825, 66|421.211, 67|399.579
 310, trx: 548, 95%: 192.883, 99%: 259.492, max_rt: 335.179, 547|138.119, 56|46.964, 54|451.096, 53|715.311
 320, trx: 545, 95%: 192.076, 99%: 261.520, max_rt: 300.158, 545|192.315, 54|81.446, 56|701.973, 56|584.172
 330, trx: 481, 95%: 226.180, 99%: 319.216, max_rt: 498.564, 481|221.525, 47|79.102, 46|446.811, 48|644.364
 340, trx: 566, 95%: 186.635, 99%: 280.243, max_rt: 380.825, 569|214.403, 58|57.303, 58|368.858, 56|551.299
 350, trx: 543, 95%: 186.523, 99%: 239.990, max_rt: 338.506, 539|232.583, 53|204.725, 53|429.590, 53|523.973
 360, trx: 588, 95%: 185.576, 99%: 248.917, max_rt: 370.019, 592|241.100, 60|67.335, 60|375.011, 61|514.499
 370, trx: 563, 95%: 182.765, 99%: 247.727, max_rt: 339.252, 561|176.072, 56|49.125, 56|516.345, 55|557.939
 380, trx: 624, 95%: 167.719, 99%: 232.495, max_rt: 319.962, 624|214.767, 63|62.940, 63|353.811, 63|514.155
 390, trx: 630, 95%: 185.299, 99%: 243.172, max_rt: 583.697, 630|156.773, 62|80.066, 62|397.176, 62|471.059
 400, trx: 601, 95%: 179.888, 99%: 249.364, max_rt: 329.430, 602|217.519, 61|70.240, 61|304.505, 62|494.617
 410, trx: 598, 95%: 176.686, 99%: 247.950, max_rt: 317.806, 598|182.665, 59|66.855, 60|316.871, 59|462.885
 420, trx: 645, 95%: 171.732, 99%: 250.037, max_rt: 318.936, 644|141.024, 65|95.043, 64|338.018, 64|548.467
 430, trx: 672, 95%: 158.636, 99%: 231.661, max_rt: 314.514, 673|155.207, 67|44.284, 67|482.287, 67|440.369
 440, trx: 613, 95%: 165.971, 99%: 221.755, max_rt: 321.886, 609|229.189, 61|44.769, 61|414.241, 61|466.350
 450, trx: 628, 95%: 171.938, 99%: 239.560, max_rt: 354.767, 631|296.853, 63|81.091, 63|429.898, 63|416.165
 460, trx: 632, 95%: 176.845, 99%: 263.958, max_rt: 399.920, 632|152.876, 63|57.116, 63|332.946, 64|505.185
 470, trx: 627, 95%: 169.181, 99%: 258.717, max_rt: 425.797, 628|233.155, 63|148.063, 62|473.046, 63|437.537
 480, trx: 636, 95%: 165.822, 99%: 246.028, max_rt: 342.699, 637|187.330, 64|105.133, 64|384.498, 64|506.594
 490, trx: 678, 95%: 156.701, 99%: 211.955, max_rt: 262.950, 677|219.709, 68|121.326, 68|314.651, 68|416.368
 500, trx: 643, 95%: 172.505, 99%: 239.273, max_rt: 413.776, 640|164.170, 64|149.975, 64|308.485, 64|338.748
 510, trx: 616, 95%: 166.818, 99%: 261.911, max_rt: 379.602, 616|360.386, 61|63.734, 63|437.103, 61|396.996
 520, trx: 664, 95%: 159.016, 99%: 230.279, max_rt: 339.582, 664|145.838, 67|68.433, 66|444.454, 68|391.285
 530, trx: 713, 95%: 161.221, 99%: 226.315, max_rt: 319.427, 716|216.234, 71|49.364, 71|331.424, 71|408.027
 540, trx: 612, 95%: 168.222, 99%: 227.198, max_rt: 294.926, 612|241.041, 61|90.611, 61|469.204, 60|483.802
 550, trx: 634, 95%: 160.163, 99%: 252.292, max_rt: 315.754, 633|217.736, 64|52.608, 64|301.895, 65|443.107
 560, trx: 600, 95%: 182.546, 99%: 264.590, max_rt: 335.464, 604|182.341, 60|59.921, 60|437.957, 59|598.976
 570, trx: 588, 95%: 207.933, 99%: 276.493, max_rt: 426.662, 584|174.254, 58|81.522, 58|308.558, 59|678.594
 580, trx: 538, 95%: 197.853, 99%: 276.328, max_rt: 348.680, 537|168.335, 54|69.577, 54|379.297, 53|685.382
 590, trx: 583, 95%: 202.648, 99%: 286.863, max_rt: 339.306, 582|272.068, 58|59.835, 59|407.603, 58|491.555
 600, trx: 561, 95%: 190.473, 99%: 275.419, max_rt: 426.258, 567|162.428, 57|141.159, 56|328.479, 57|454.857
 610, trx: 641, 95%: 165.376, 99%: 211.068, max_rt: 303.862, 637|167.549, 63|82.370, 64|336.571, 64|485.309
 620, trx: 593, 95%: 177.694, 99%: 244.266, max_rt: 360.053, 590|252.084, 60|82.767, 59|318.589, 58|628.777
 630, trx: 554, 95%: 176.264, 99%: 224.493, max_rt: 419.757, 552|189.042, 55|167.713, 56|446.980, 57|456.331
 640, trx: 613, 95%: 173.333, 99%: 262.696, max_rt: 361.389, 617|260.971, 62|57.892, 60|506.431, 60|419.116
 650, trx: 641, 95%: 166.768, 99%: 244.852, max_rt: 298.349, 643|240.821, 64|73.990, 66|372.184, 65|455.024
 660, trx: 634, 95%: 175.159, 99%: 236.921, max_rt: 316.537, 632|139.338, 63|112.730, 62|417.397, 63|504.785
 670, trx: 613, 95%: 180.427, 99%: 247.357, max_rt: 317.121, 613|277.402, 61|97.706, 61|401.781, 62|369.567
 680, trx: 673, 95%: 164.882, 99%: 239.560, max_rt: 383.884, 677|170.903, 67|81.201, 67|361.894, 68|384.099
 690, trx: 626, 95%: 176.000, 99%: 245.439, max_rt: 417.170, 621|165.795, 64|63.701, 63|510.645, 61|362.357
 700, trx: 603, 95%: 178.547, 99%: 220.629, max_rt: 295.242, 600|164.114, 60|138.404, 60|349.261, 60|422.914
 710, trx: 688, 95%: 152.308, 99%: 200.176, max_rt: 277.499, 691|216.669, 69|63.490, 70|367.635, 69|353.865
 720, trx: 647, 95%: 164.536, 99%: 213.675, max_rt: 337.371, 641|213.749, 64|59.437, 64|335.566, 66|454.629
 730, trx: 609, 95%: 171.117, 99%: 242.736, max_rt: 328.780, 614|202.110, 61|94.572, 62|341.820, 60|420.855
 740, trx: 641, 95%: 168.979, 99%: 215.925, max_rt: 292.221, 641|173.143, 64|91.870, 62|295.797, 64|410.854
 750, trx: 707, 95%: 151.308, 99%: 229.110, max_rt: 442.656, 707|205.145, 70|52.070, 72|385.737, 72|351.183
 760, trx: 643, 95%: 162.044, 99%: 232.983, max_rt: 301.352, 648|252.351, 65|54.388, 64|387.952, 64|393.870
 770, trx: 614, 95%: 172.041, 99%: 248.247, max_rt: 316.281, 613|183.499, 62|44.337, 63|356.156, 62|363.181
 780, trx: 714, 95%: 137.446, 99%: 186.691, max_rt: 242.691, 704|186.250, 70|56.482, 69|349.686, 69|329.470
 790, trx: 669, 95%: 168.878, 99%: 224.561, max_rt: 302.894, 678|179.095, 68|74.177, 68|321.801, 68|363.272
 800, trx: 595, 95%: 191.731, 99%: 236.142, max_rt: 294.596, 590|157.082, 59|74.024, 59|350.996, 59|436.754
 810, trx: 631, 95%: 164.487, 99%: 253.049, max_rt: 317.653, 631|172.848, 63|86.974, 63|390.997, 63|476.029
 820, trx: 680, 95%: 160.884, 99%: 236.354, max_rt: 325.878, 682|248.156, 69|64.257, 68|375.807, 68|392.172
 830, trx: 684, 95%: 149.641, 99%: 226.722, max_rt: 298.464, 686|202.015, 68|58.861, 69|431.640, 68|407.213
 840, trx: 602, 95%: 170.810, 99%: 259.414, max_rt: 345.699, 600|203.084, 59|61.819, 60|292.947, 61|389.826
 850, trx: 624, 95%: 173.333, 99%: 271.409, max_rt: 404.035, 626|131.959, 63|119.801, 62|375.436, 62|419.894
 860, trx: 700, 95%: 155.021, 99%: 215.151, max_rt: 362.282, 698|215.831, 70|78.777, 70|320.193, 71|348.182
 870, trx: 671, 95%: 169.739, 99%: 263.011, max_rt: 474.551, 669|216.444, 67|101.459, 68|364.434, 66|366.475
 880, trx: 633, 95%: 175.211, 99%: 244.706, max_rt: 376.702, 635|165.869, 63|90.781, 63|406.780, 65|385.943
 890, trx: 616, 95%: 168.827, 99%: 248.396, max_rt: 355.420, 614|192.425, 63|93.830, 61|325.569, 61|408.340
 900, trx: 592, 95%: 181.783, 99%: 287.293, max_rt: 395.560, 596|221.638, 59|77.091, 60|387.653, 59|351.519
 910, trx: 613, 95%: 168.928, 99%: 242.881, max_rt: 360.876, 615|178.795, 62|72.797, 62|397.977, 62|463.257
 920, trx: 620, 95%: 173.126, 99%: 272.549, max_rt: 455.687, 616|348.691, 61|62.135, 62|331.302, 60|454.136
 930, trx: 509, 95%: 201.982, 99%: 281.673, max_rt: 331.170, 510|195.555, 51|62.649, 50|513.970, 53|479.447
 940, trx: 618, 95%: 177.375, 99%: 239.058, max_rt: 272.906, 618|176.425, 61|74.389, 62|316.944, 62|368.787
 950, trx: 590, 95%: 179.834, 99%: 230.072, max_rt: 352.200, 587|234.088, 60|81.993, 59|392.971, 58|675.334
 960, trx: 602, 95%: 170.503, 99%: 248.470, max_rt: 347.090, 604|184.151, 60|60.007, 61|335.232, 60|555.055
 970, trx: 637, 95%: 174.531, 99%: 235.577, max_rt: 362.191, 638|182.955, 63|53.919, 63|361.272, 62|469.477
 980, trx: 548, 95%: 189.733, 99%: 287.465, max_rt: 368.042, 544|284.943, 55|67.446, 55|392.976, 56|702.867
 990, trx: 521, 95%: 205.520, 99%: 281.757, max_rt: 364.066, 523|144.793, 52|88.259, 53|437.788, 53|567.311
1000, trx: 597, 95%: 164.290, 99%: 243.099, max_rt: 343.694, 596|144.418, 60|78.292, 58|382.194, 59|470.728
1010, trx: 591, 95%: 181.185, 99%: 245.513, max_rt: 393.077, 591|177.514, 59|64.286, 60|404.043, 59|425.513
1020, trx: 627, 95%: 179.404, 99%: 235.155, max_rt: 317.393, 624|177.072, 63|152.353, 62|465.222, 63|514.815
1030, trx: 542, 95%: 186.635, 99%: 248.768, max_rt: 474.945, 543|249.378, 54|137.790, 54|388.028, 54|427.248
1040, trx: 660, 95%: 159.732, 99%: 210.564, max_rt: 268.468, 664|211.448, 66|53.147, 66|329.714, 66|430.776
1050, trx: 676, 95%: 161.173, 99%: 235.084, max_rt: 369.984, 670|182.429, 68|81.494, 67|333.279, 67|376.744
1060, trx: 593, 95%: 171.424, 99%: 272.141, max_rt: 350.409, 596|221.851, 59|47.763, 60|311.881, 60|384.659
1070, trx: 574, 95%: 196.437, 99%: 247.209, max_rt: 360.095, 574|219.253, 58|85.478, 58|366.377, 57|459.759
1080, trx: 689, 95%: 156.889, 99%: 236.496, max_rt: 334.040, 690|186.894, 68|62.442, 69|329.040, 69|366.169
1090, trx: 676, 95%: 157.124, 99%: 224.762, max_rt: 370.825, 674|175.157, 68|88.127, 67|268.961, 68|489.393
1100, trx: 573, 95%: 184.138, 99%: 265.702, max_rt: 339.996, 572|189.888, 57|69.947, 58|385.617, 56|473.326
1110, trx: 639, 95%: 175.895, 99%: 238.344, max_rt: 353.430, 641|146.300, 64|81.670, 62|376.020, 66|392.588
1120, trx: 722, 95%: 162.092, 99%: 205.643, max_rt: 308.756, 726|198.401, 73|50.267, 72|289.461, 72|377.845
1130, trx: 612, 95%: 172.041, 99%: 243.099, max_rt: 319.745, 608|271.160, 61|102.556, 62|292.688, 60|553.448
1140, trx: 567, 95%: 180.698, 99%: 245.219, max_rt: 331.575, 568|267.634, 56|79.035, 56|393.837, 57|500.590
1150, trx: 671, 95%: 163.114, 99%: 238.415, max_rt: 327.388, 670|216.742, 67|54.561, 69|439.480, 68|439.699
1160, trx: 657, 95%: 161.221, 99%: 231.107, max_rt: 392.788, 655|183.387, 66|66.895, 65|417.346, 65|453.248
1170, trx: 597, 95%: 190.245, 99%: 279.154, max_rt: 360.365, 598|298.063, 60|54.206, 59|305.366, 60|560.577
1180, trx: 669, 95%: 158.636, 99%: 236.284, max_rt: 371.698, 671|136.042, 67|83.979, 69|521.684, 68|406.032
1190, trx: 612, 95%: 189.053, 99%: 250.786, max_rt: 324.687, 607|179.017, 60|101.654, 60|292.676, 59|539.016
1200, trx: 636, 95%: 166.369, 99%: 219.773, max_rt: 389.738, 637|159.837, 64|77.861, 64|396.377, 65|360.018

STOPPING THREADS........

<Raw Results>
  [0] sc:120 lt:74564  rt:0  fl:0 avg_rt: 73.8 (5)
  [1] sc:18295 lt:56384  rt:0  fl:0 avg_rt: 19.3 (5)
  [2] sc:860 lt:6608  rt:0  fl:0 avg_rt: 18.7 (5)
  [3] sc:896 lt:6573  rt:0  fl:0 avg_rt: 164.8 (80)
  [4] sc:0 lt:7471  rt:0  fl:0 avg_rt: 180.8 (20)
 in 1200 sec.

<Raw Results2(sum ver.)>
  [0] sc:120  lt:74564  rt:0  fl:0 
  [1] sc:18296  lt:56392  rt:0  fl:0 
  [2] sc:860  lt:6608  rt:0  fl:0 
  [3] sc:896  lt:6573  rt:0  fl:0 
  [4] sc:0  lt:7471  rt:0  fl:0 

<Constraint Check> (all must be [OK])
 [transaction percentage]
        Payment: 43.48% (>=43.0%) [OK]
   Order-Status: 4.35% (>= 4.0%) [OK]
       Delivery: 4.35% (>= 4.0%) [OK]
    Stock-Level: 4.35% (>= 4.0%) [OK]
 [response time (at least 90% passed)]
      New-Order: 0.16%  [NG] *
        Payment: 24.50%  [NG] *
   Order-Status: 11.52%  [NG] *
       Delivery: 12.00%  [NG] *
    Stock-Level: 0.00%  [NG] *

<TpmC>
                 3734.200 TpmC
