***************************************
*** ###easy### TPC-C Load Generator ***
***************************************
option h with value '127.0.0.1'
option S (socket) with value '/tmp/mysql.sock'
option d with value 'tpcc256'
option u with value 'root'
option p with value '1234'
option w with value '10'
option c with value '8'
option r with value '10'
option l with value '1200'
<Parameters>
     [server]: 127.0.0.1
     [port]: 3306
     [DBname]: tpcc256
       [user]: root
       [pass]: 1234
  [warehouse]: 10
 [connection]: 8
     [rampup]: 10 (sec.)
    [measure]: 1200 (sec.)

RAMP-UP TIME.(10 sec.)

MEASURING START.

  10, trx: 366, 95%: 292.850, 99%: 444.229, max_rt: 575.945, 359|420.685, 36|105.884, 36|804.259, 36|1254.121
  20, trx: 460, 95%: 197.026, 99%: 254.949, max_rt: 619.547, 461|197.348, 46|78.208, 46|375.687, 45|1266.670
  30, trx: 434, 95%: 236.425, 99%: 326.171, max_rt: 398.760, 437|203.859, 43|189.878, 43|370.256, 46|1071.365
  40, trx: 451, 95%: 198.268, 99%: 318.548, max_rt: 478.271, 449|223.976, 45|125.053, 44|443.570, 43|1031.995
  50, trx: 475, 95%: 209.620, 99%: 280.579, max_rt: 705.844, 469|196.299, 47|70.879, 48|446.639, 48|804.734
  60, trx: 433, 95%: 210.501, 99%: 890.696, max_rt: 1053.256, 439|205.979, 45|76.789, 44|979.608, 43|1373.286
  70, trx: 469, 95%: 188.883, 99%: 254.949, max_rt: 475.025, 468|215.308, 46|94.293, 46|368.857, 47|761.215
  80, trx: 487, 95%: 198.209, 99%: 284.639, max_rt: 429.586, 488|279.332, 49|73.700, 49|357.934, 49|752.440
  90, trx: 485, 95%: 189.733, 99%: 263.326, max_rt: 314.498, 488|194.704, 49|111.534, 49|343.040, 48|763.111
 100, trx: 493, 95%: 180.427, 99%: 244.047, max_rt: 282.418, 492|219.431, 49|78.874, 48|300.285, 49|578.861
 110, trx: 478, 95%: 186.300, 99%: 242.155, max_rt: 372.654, 481|134.440, 48|88.900, 49|295.047, 50|772.585
 120, trx: 505, 95%: 180.914, 99%: 235.296, max_rt: 507.499, 498|151.392, 50|71.501, 50|398.748, 49|839.190
 130, trx: 467, 95%: 195.732, 99%: 239.130, max_rt: 331.201, 468|264.888, 47|94.763, 47|346.037, 47|718.216
 140, trx: 542, 95%: 178.067, 99%: 226.383, max_rt: 289.383, 540|165.314, 53|227.586, 54|258.630, 54|650.327
 150, trx: 497, 95%: 180.806, 99%: 262.225, max_rt: 384.994, 497|231.256, 50|108.599, 50|275.089, 48|704.648
 160, trx: 527, 95%: 173.957, 99%: 220.960, max_rt: 535.969, 531|188.255, 53|65.272, 52|386.811, 55|741.691
 170, trx: 524, 95%: 159.876, 99%: 230.279, max_rt: 331.079, 525|147.308, 52|67.231, 53|267.214, 52|685.981
 180, trx: 511, 95%: 175.737, 99%: 266.658, max_rt: 329.089, 512|173.524, 52|142.198, 51|333.924, 52|708.432
 190, trx: 522, 95%: 188.037, 99%: 265.384, max_rt: 339.391, 518|215.172, 52|67.018, 52|301.481, 51|565.919
 200, trx: 495, 95%: 195.615, 99%: 262.696, max_rt: 516.856, 497|285.419, 50|76.640, 50|329.140, 50|726.168
 210, trx: 506, 95%: 192.191, 99%: 262.696, max_rt: 422.880, 504|120.599, 50|128.092, 50|335.156, 51|674.926
 220, trx: 506, 95%: 174.009, 99%: 253.504, max_rt: 329.607, 509|136.729, 50|86.599, 50|347.306, 51|709.856
 230, trx: 488, 95%: 197.972, 99%: 279.573, max_rt: 355.523, 482|159.827, 49|76.491, 50|347.243, 48|605.914
 240, trx: 453, 95%: 200.656, 99%: 254.568, max_rt: 347.974, 458|317.346, 45|100.397, 44|355.102, 45|732.543
 250, trx: 479, 95%: 182.820, 99%: 245.513, max_rt: 416.258, 479|217.386, 49|142.951, 49|355.267, 48|540.897
 260, trx: 434, 95%: 204.967, 99%: 328.228, max_rt: 405.605, 432|202.338, 43|117.370, 44|333.495, 43|784.109
 270, trx: 480, 95%: 188.940, 99%: 304.561, max_rt: 347.376, 480|304.293, 47|82.499, 48|402.330, 49|803.820
 280, trx: 516, 95%: 189.903, 99%: 275.254, max_rt: 363.492, 517|231.836, 53|71.103, 51|341.833, 52|790.424
 290, trx: 507, 95%: 197.557, 99%: 286.006, max_rt: 418.302, 508|152.545, 51|132.301, 51|363.241, 49|690.142
 300, trx: 463, 95%: 213.036, 99%: 274.268, max_rt: 429.298, 463|186.068, 45|117.224, 46|373.219, 47|896.154
 310, trx: 439, 95%: 220.102, 99%: 271.572, max_rt: 413.216, 436|279.639, 45|92.009, 44|355.962, 43|738.854
 320, trx: 461, 95%: 208.369, 99%: 266.897, max_rt: 462.478, 463|245.374, 45|99.624, 46|362.159, 48|796.047
 330, trx: 434, 95%: 218.592, 99%: 263.563, max_rt: 304.720, 434|169.043, 44|95.554, 42|395.317, 43|879.045
 340, trx: 430, 95%: 219.970, 99%: 273.939, max_rt: 545.351, 428|191.072, 43|125.611, 45|410.817, 42|797.628
 350, trx: 481, 95%: 195.206, 99%: 272.141, max_rt: 410.203, 481|171.550, 48|59.566, 47|393.605, 48|638.258
 360, trx: 501, 95%: 188.093, 99%: 262.854, max_rt: 381.521, 504|171.183, 50|78.329, 50|408.783, 51|796.415
 370, trx: 469, 95%: 193.751, 99%: 274.596, max_rt: 327.699, 467|119.596, 47|147.806, 47|531.113, 47|732.002
 380, trx: 491, 95%: 186.077, 99%: 265.622, max_rt: 382.951, 492|236.134, 49|174.918, 50|487.664, 49|761.477
 390, trx: 453, 95%: 202.285, 99%: 284.128, max_rt: 401.316, 451|411.293, 45|82.426, 45|425.734, 44|639.422
 400, trx: 478, 95%: 194.564, 99%: 263.563, max_rt: 357.446, 481|219.332, 48|119.742, 48|390.610, 49|654.510
 410, trx: 475, 95%: 207.933, 99%: 295.934, max_rt: 387.726, 476|130.489, 48|79.795, 48|343.557, 47|795.821
 420, trx: 478, 95%: 192.133, 99%: 292.587, max_rt: 458.237, 476|235.653, 47|76.139, 46|371.701, 48|849.446
 430, trx: 474, 95%: 200.656, 99%: 266.977, max_rt: 310.818, 474|163.415, 48|84.191, 48|290.689, 47|719.997
 440, trx: 493, 95%: 183.039, 99%: 244.632, max_rt: 301.551, 491|121.086, 49|93.402, 49|369.324, 49|595.958
 450, trx: 454, 95%: 203.073, 99%: 384.659, max_rt: 612.295, 456|452.205, 45|117.960, 46|588.563, 48|853.613
 460, trx: 466, 95%: 199.877, 99%: 283.449, max_rt: 451.117, 467|202.845, 47|90.049, 46|287.425, 45|900.385
 470, trx: 467, 95%: 209.558, 99%: 332.480, max_rt: 400.439, 463|166.739, 46|78.086, 47|365.554, 47|746.762
 480, trx: 439, 95%: 225.706, 99%: 304.197, max_rt: 508.400, 440|275.109, 45|86.569, 44|369.083, 45|698.590
 490, trx: 375, 95%: 261.285, 99%: 418.915, max_rt: 534.059, 376|271.554, 37|131.505, 38|419.115, 35|887.659
 500, trx: 365, 95%: 258.639, 99%: 381.791, max_rt: 591.333, 367|430.148, 37|80.070, 36|394.020, 38|932.896
 510, trx: 371, 95%: 243.027, 99%: 323.255, max_rt: 570.700, 370|275.930, 37|122.091, 38|344.119, 37|961.301
 520, trx: 330, 95%: 287.379, 99%: 414.922, max_rt: 614.295, 328|222.613, 33|82.934, 32|446.117, 33|1090.739
 530, trx: 272, 95%: 334.076, 99%: 483.356, max_rt: 606.933, 274|302.119, 27|90.545, 27|472.684, 26|1150.239
 540, trx: 212, 95%: 385.928, 99%: 573.281, max_rt: 765.342, 214|299.940, 21|89.551, 21|851.153, 23|1427.547
 550, trx: 169, 95%: 555.044, 99%: 686.686, max_rt: 1022.938, 162|444.374, 17|299.833, 18|737.630, 15|1638.427
 560, trx: 145, 95%: 545.981, 99%: 919.961, max_rt: 984.400, 148|370.248, 14|104.182, 14|659.572, 14|2311.494
 570, trx: 201, 95%: 515.949, 99%: 665.439, max_rt: 745.634, 200|484.070, 21|129.895, 20|807.995, 21|1616.743
 580, trx: 325, 95%: 283.534, 99%: 433.457, max_rt: 524.774, 327|275.070, 32|70.261, 32|570.416, 32|1285.473
 590, trx: 405, 95%: 235.930, 99%: 314.192, max_rt: 452.650, 406|161.182, 40|110.457, 41|425.495, 41|684.999
 600, trx: 454, 95%: 194.914, 99%: 268.741, max_rt: 370.597, 450|184.243, 45|129.359, 45|418.701, 44|750.751
 610, trx: 445, 95%: 217.417, 99%: 303.924, max_rt: 431.084, 449|154.236, 46|133.265, 45|510.992, 47|855.880
 620, trx: 415, 95%: 230.279, 99%: 296.200, max_rt: 391.637, 416|315.468, 42|104.313, 42|355.095, 40|897.820
 630, trx: 361, 95%: 258.562, 99%: 333.277, max_rt: 508.200, 357|244.998, 35|88.646, 36|445.663, 37|1126.643
 640, trx: 380, 95%: 230.624, 99%: 349.104, max_rt: 496.479, 383|278.293, 38|130.369, 37|431.409, 38|745.505
 650, trx: 420, 95%: 238.201, 99%: 313.159, max_rt: 364.446, 418|262.135, 42|175.250, 42|403.868, 43|837.307
 660, trx: 456, 95%: 213.036, 99%: 306.115, max_rt: 414.826, 457|227.449, 46|146.971, 46|483.248, 44|766.382
 670, trx: 425, 95%: 235.860, 99%: 327.443, max_rt: 396.988, 421|180.632, 43|80.207, 42|336.062, 43|859.356
 680, trx: 405, 95%: 241.359, 99%: 307.493, max_rt: 435.370, 411|132.747, 40|84.393, 42|378.859, 40|888.418
 690, trx: 400, 95%: 252.292, 99%: 333.476, max_rt: 454.530, 396|185.105, 39|98.404, 40|380.575, 41|847.190
 700, trx: 445, 95%: 221.755, 99%: 315.795, max_rt: 470.887, 446|170.611, 46|157.886, 43|415.888, 45|777.651
 710, trx: 436, 95%: 201.378, 99%: 325.293, max_rt: 392.101, 436|284.425, 42|132.267, 44|342.400, 42|730.844
 720, trx: 399, 95%: 222.154, 99%: 303.197, max_rt: 385.446, 401|206.743, 41|115.205, 40|383.180, 41|826.071
 730, trx: 457, 95%: 218.134, 99%: 331.089, max_rt: 449.915, 458|229.585, 46|122.351, 46|328.317, 45|738.721
 740, trx: 455, 95%: 198.446, 99%: 289.018, max_rt: 366.151, 453|217.835, 45|70.865, 46|387.750, 45|777.607
 750, trx: 448, 95%: 204.171, 99%: 273.939, max_rt: 447.239, 446|223.972, 45|134.321, 44|501.458, 45|745.776
 760, trx: 415, 95%: 211.701, 99%: 266.339, max_rt: 308.398, 421|234.676, 41|90.750, 42|384.080, 43|773.718
 770, trx: 444, 95%: 202.043, 99%: 297.622, max_rt: 354.500, 436|280.510, 45|89.845, 44|383.565, 42|724.454
 780, trx: 427, 95%: 246.839, 99%: 314.945, max_rt: 376.057, 433|216.613, 42|94.153, 43|399.175, 44|851.926
 790, trx: 409, 95%: 231.107, 99%: 351.727, max_rt: 589.524, 406|191.524, 42|91.024, 41|491.951, 41|796.698
 800, trx: 471, 95%: 198.446, 99%: 261.207, max_rt: 358.101, 468|172.549, 46|125.161, 46|367.601, 47|844.482
 810, trx: 437, 95%: 219.378, 99%: 379.285, max_rt: 483.016, 441|133.032, 45|71.726, 44|499.355, 44|749.143
 820, trx: 451, 95%: 220.102, 99%: 279.573, max_rt: 503.100, 453|200.206, 44|312.622, 46|379.244, 46|689.024
 830, trx: 453, 95%: 209.809, 99%: 286.691, max_rt: 420.008, 449|188.586, 45|119.935, 45|310.665, 44|687.456
 840, trx: 450, 95%: 208.244, 99%: 312.878, max_rt: 581.323, 454|274.693, 46|71.122, 45|385.157, 45|648.567
 850, trx: 405, 95%: 236.213, 99%: 388.478, max_rt: 529.377, 402|194.050, 41|102.487, 41|310.024, 41|831.253
 860, trx: 428, 95%: 220.828, 99%: 318.262, max_rt: 453.796, 429|249.384, 41|85.593, 42|330.486, 42|677.712
 870, trx: 473, 95%: 198.387, 99%: 337.493, max_rt: 384.244, 473|247.456, 49|69.365, 47|415.256, 48|721.383
 880, trx: 468, 95%: 205.951, 99%: 244.852, max_rt: 323.496, 468|162.630, 46|102.665, 47|349.982, 46|731.217
 890, trx: 454, 95%: 216.702, 99%: 304.197, max_rt: 375.379, 455|210.966, 46|92.689, 45|336.407, 45|701.741
 900, trx: 420, 95%: 222.353, 99%: 347.021, max_rt: 390.100, 418|298.770, 42|135.940, 42|328.728, 43|713.938
 910, trx: 439, 95%: 220.695, 99%: 309.988, max_rt: 396.495, 438|291.219, 43|118.207, 44|463.757, 45|986.103
 920, trx: 448, 95%: 224.695, 99%: 282.940, max_rt: 487.361, 452|223.488, 45|122.351, 46|368.445, 45|634.765
 930, trx: 395, 95%: 251.764, 99%: 322.289, max_rt: 461.462, 395|205.792, 40|61.579, 39|353.623, 39|865.899
 940, trx: 454, 95%: 212.654, 99%: 292.587, max_rt: 354.733, 452|204.627, 46|65.558, 46|343.232, 46|764.151
 950, trx: 449, 95%: 207.001, 99%: 274.268, max_rt: 404.482, 446|292.159, 44|79.516, 44|361.911, 42|758.167
 960, trx: 462, 95%: 206.754, 99%: 273.366, max_rt: 327.338, 465|231.576, 46|189.409, 46|467.859, 47|679.429
 970, trx: 373, 95%: 277.322, 99%: 395.399, max_rt: 620.299, 375|282.904, 38|113.037, 38|482.673, 38|897.225
 980, trx: 430, 95%: 217.092, 99%: 291.450, max_rt: 476.392, 427|280.263, 43|86.312, 43|507.545, 42|827.790
 990, trx: 454, 95%: 215.861, 99%: 304.653, max_rt: 472.543, 456|164.010, 45|195.498, 45|409.045, 47|726.725
1000, trx: 412, 95%: 244.047, 99%: 316.836, max_rt: 547.821, 408|357.422, 41|184.286, 41|342.403, 39|795.119
1010, trx: 441, 95%: 216.378, 99%: 298.961, max_rt: 493.355, 443|276.307, 44|121.384, 45|373.991, 45|833.950
1020, trx: 432, 95%: 208.307, 99%: 304.197, max_rt: 400.726, 430|319.257, 44|116.242, 43|350.675, 44|827.386
1030, trx: 381, 95%: 267.217, 99%: 342.993, max_rt: 425.016, 381|201.009, 38|104.677, 37|341.416, 37|1063.538
1040, trx: 410, 95%: 223.354, 99%: 308.230, max_rt: 522.510, 408|187.113, 40|109.056, 42|326.097, 42|720.834
1050, trx: 419, 95%: 216.119, 99%: 309.710, max_rt: 398.072, 425|180.550, 42|94.549, 41|362.873, 42|730.394
1060, trx: 411, 95%: 236.213, 99%: 345.984, max_rt: 448.200, 409|310.697, 42|101.226, 42|366.954, 40|955.974
1070, trx: 350, 95%: 269.305, 99%: 319.121, max_rt: 359.702, 352|196.607, 34|122.497, 35|630.276, 36|906.302
1080, trx: 383, 95%: 245.954, 99%: 342.378, max_rt: 482.376, 379|263.003, 39|120.260, 38|425.479, 39|827.654
1090, trx: 396, 95%: 227.402, 99%: 337.797, max_rt: 415.760, 397|326.313, 40|146.492, 40|422.497, 39|735.622
1100, trx: 371, 95%: 248.693, 99%: 372.534, max_rt: 538.733, 372|504.256, 37|74.106, 36|517.922, 37|939.463
1110, trx: 398, 95%: 228.425, 99%: 311.476, max_rt: 492.421, 397|187.113, 39|121.443, 41|344.515, 39|798.116
1120, trx: 421, 95%: 231.107, 99%: 344.537, max_rt: 420.931, 422|135.559, 43|143.985, 42|325.715, 44|736.618
1130, trx: 339, 95%: 267.617, 99%: 366.341, max_rt: 598.894, 337|433.505, 34|123.669, 33|468.069, 33|692.194
1140, trx: 348, 95%: 275.337, 99%: 378.038, max_rt: 759.852, 349|242.251, 34|97.776, 36|363.704, 34|983.004
1150, trx: 397, 95%: 233.541, 99%: 320.173, max_rt: 406.565, 396|197.149, 40|131.567, 39|409.702, 42|929.555
1160, trx: 363, 95%: 246.691, 99%: 328.719, max_rt: 474.126, 363|266.209, 36|249.898, 36|401.692, 35|798.811
1170, trx: 361, 95%: 253.049, 99%: 313.910, max_rt: 367.056, 363|268.743, 37|244.576, 37|448.924, 36|861.861
1180, trx: 334, 95%: 266.897, 99%: 406.683, max_rt: 566.075, 333|275.522, 32|90.568, 33|527.975, 33|1011.326
1190, trx: 379, 95%: 259.725, 99%: 396.229, max_rt: 580.338, 382|211.025, 38|93.099, 39|554.909, 38|736.600
1200, trx: 425, 95%: 216.119, 99%: 280.159, max_rt: 505.694, 423|228.558, 43|73.990, 41|352.110, 42|728.637

STOPPING THREADS........

<Raw Results>
  [0] sc:12 lt:51475  rt:0  fl:0 avg_rt: 103.0 (5)
  [1] sc:7969 lt:43511  rt:0  fl:0 avg_rt: 23.9 (5)
  [2] sc:182 lt:4966  rt:0  fl:0 avg_rt: 26.6 (5)
  [3] sc:272 lt:4875  rt:0  fl:0 avg_rt: 191.0 (80)
  [4] sc:0 lt:5148  rt:0  fl:0 avg_rt: 393.2 (20)
 in 1200 sec.

<Raw Results2(sum ver.)>
  [0] sc:12  lt:51475  rt:0  fl:0 
  [1] sc:7969  lt:43514  rt:0  fl:0 
  [2] sc:182  lt:4966  rt:0  fl:0 
  [3] sc:272  lt:4875  rt:0  fl:0 
  [4] sc:0  lt:5148  rt:0  fl:0 

<Constraint Check> (all must be [OK])
 [transaction percentage]
        Payment: 43.48% (>=43.0%) [OK]
   Order-Status: 4.35% (>= 4.0%) [OK]
       Delivery: 4.35% (>= 4.0%) [OK]
    Stock-Level: 4.35% (>= 4.0%) [OK]
 [response time (at least 90% passed)]
      New-Order: 0.02%  [NG] *
        Payment: 15.48%  [NG] *
   Order-Status: 3.54%  [NG] *
       Delivery: 5.28%  [NG] *
    Stock-Level: 0.00%  [NG] *

<TpmC>
                 2574.350 TpmC
